<?xml version="1.0" encoding="UTF-8"?>
<testng-results ignored="1" total="2" passed="1" failed="0" skipped="0">
  <reporter-output>
  </reporter-output>
  <suite started-at="2024-03-27T15:05:33 IST" name="Default suite" finished-at="2024-03-27T15:05:34 IST" duration-ms="566">
    <groups>
    </groups>
    <test started-at="2024-03-27T15:05:33 IST" name="Default test" finished-at="2024-03-27T15:05:34 IST" duration-ms="566">
      <class name="_8_serialAndDeserialzation.SerializaationAndDeSerialization">
        <test-method signature="DeSerialization()[pri:0, instance:_8_serialAndDeserialzation.SerializaationAndDeSerialization@2ea41516]" started-at="2024-03-27T15:05:33 IST" name="DeSerialization" finished-at="2024-03-27T15:05:34 IST" duration-ms="482" status="PASS">
          <reporter-output>
          </reporter-output>
        </test-method> <!-- DeSerialization -->
      </class> <!-- _8_serialAndDeserialzation.SerializaationAndDeSerialization -->
    </test> <!-- Default test -->
  </suite> <!-- Default suite -->
</testng-results>
