<?xml version="1.0" encoding="UTF-8"?>
<!-- Generated by org.testng.reporters.JUnitXMLReporter -->
<testsuite ignored="1" hostname="DESKTOP-F2JDLE7" failures="0" tests="1" name="Default test" time="0.566" errors="0" timestamp="2024-03-27T15:05:34 IST">
  <testcase classname="_8_serialAndDeserialzation.SerializaationAndDeSerialization" name="DeSerialization" time="0.482"/>
  <testcase classname="_8_serialAndDeserialzation.SerializaationAndDeSerialization" name="Serializaation" time="0.0">
    <ignored/>
  </testcase> <!-- Serializaation -->
</testsuite> <!-- Default test -->
